== CILK_WORKERS = 1 ===================================
delaunay: initialize: 0.0236
delaunay: add points: 0.3364
delaunay: generate output: 0.0047
delaunay: initialize: 0.0120
delaunay: add points: 0.2645
delaunay: generate output: 0.0032
delaunay: initialize: 0.0080
delaunay: add points: 0.2263
delaunay: generate output: 0.0031
delaunay: initialize: 0.0081
delaunay: add points: 0.1952
delaunay: generate output: 0.0024
delaunay: initialize: 0.0060
delaunay: add points: 0.1697
delaunay: generate output: 0.0025
Parlay time: 0.1790
delaunay: initialize: 0.0061
delaunay: add points: 0.1689
delaunay: generate output: 0.0024
Parlay time: 0.1781
delaunay: initialize: 0.0060
delaunay: add points: 0.1695
delaunay: generate output: 0.0024
Parlay time: 0.1786
delaunay: initialize: 0.0061
delaunay: add points: 0.1689
delaunay: generate output: 0.0024
Parlay time: 0.1781
delaunay: initialize: 0.0060
delaunay: add points: 0.1707
delaunay: generate output: 0.0035
Parlay time: 0.1825
delaunay: initialize: 0.0062
delaunay: add points: 0.1480
delaunay: generate output: 0.0020
Parlay time: 0.1568
delaunay: initialize: 0.0053
delaunay: add points: 0.1471
delaunay: generate output: 0.0020
Parlay time: 0.1550
delaunay: initialize: 0.0054
delaunay: add points: 0.1472
delaunay: generate output: 0.0020
Parlay time: 0.1552
delaunay: initialize: 0.0053
delaunay: add points: 0.1384
delaunay: generate output: 0.0019
Parlay time: 0.1462
delaunay: initialize: 0.0048
delaunay: add points: 0.1354
delaunay: generate output: 0.0019
Parlay time: 0.1427

== CILK_WORKERS = 2 ===================================
delaunay: initialize: 0.0105
delaunay: add points: 0.2525
delaunay: generate output: 0.0030
delaunay: initialize: 0.0069
delaunay: add points: 0.2539
delaunay: generate output: 0.0029
delaunay: initialize: 0.0069
delaunay: add points: 0.2359
delaunay: generate output: 0.0024
delaunay: initialize: 0.0055
delaunay: add points: 0.2168
delaunay: generate output: 0.0038
delaunay: initialize: 0.0058
delaunay: add points: 0.2043
delaunay: generate output: 0.0020
Parlay time: 0.2125
delaunay: initialize: 0.0048
delaunay: add points: 0.1738
delaunay: generate output: 0.0020
Parlay time: 0.1810
delaunay: initialize: 0.0047
delaunay: add points: 0.1761
delaunay: generate output: 0.0020
Parlay time: 0.1832
delaunay: initialize: 0.0047
delaunay: add points: 0.1749
delaunay: generate output: 0.0021
Parlay time: 0.1820
delaunay: initialize: 0.0047
delaunay: add points: 0.1759
delaunay: generate output: 0.0020
Parlay time: 0.1830
delaunay: initialize: 0.0053
delaunay: add points: 0.1768
delaunay: generate output: 0.0020
Parlay time: 0.1845
delaunay: initialize: 0.0047
delaunay: add points: 0.1631
delaunay: generate output: 0.0019
Parlay time: 0.1700
delaunay: initialize: 0.0044
delaunay: add points: 0.1592
delaunay: generate output: 0.0019
Parlay time: 0.1658
delaunay: initialize: 0.0044
delaunay: add points: 0.1571
delaunay: generate output: 0.0019
Parlay time: 0.1637
delaunay: initialize: 0.0045
delaunay: add points: 0.1584
delaunay: generate output: 0.0019
Parlay time: 0.1651

== CILK_WORKERS = 4 ===================================
delaunay: initialize: 0.0058
delaunay: add points: 0.1522
delaunay: generate output: 0.0013
delaunay: initialize: 0.0034
delaunay: add points: 0.1511
delaunay: generate output: 0.0012
delaunay: initialize: 0.0033
delaunay: add points: 0.1459
delaunay: generate output: 0.0012
delaunay: initialize: 0.0034
delaunay: add points: 0.1471
delaunay: generate output: 0.0012
delaunay: initialize: 0.0033
delaunay: add points: 0.1477
delaunay: generate output: 0.0012
delaunay: initialize: 0.0034
delaunay: add points: 0.1296
delaunay: generate output: 0.0010
delaunay: initialize: 0.0028
delaunay: add points: 0.1311
delaunay: generate output: 0.0019
delaunay: initialize: 0.0040
delaunay: add points: 0.1261
delaunay: generate output: 0.0010
Parlay time: 0.1315
delaunay: initialize: 0.0028
delaunay: add points: 0.1253
delaunay: generate output: 0.0010
Parlay time: 0.1293
delaunay: initialize: 0.0026
delaunay: add points: 0.1164
delaunay: generate output: 0.0010
Parlay time: 0.1202
delaunay: initialize: 0.0026
delaunay: add points: 0.1170
delaunay: generate output: 0.0010
Parlay time: 0.1208
delaunay: initialize: 0.0025
delaunay: add points: 0.1166
delaunay: generate output: 0.0010
Parlay time: 0.1204
delaunay: initialize: 0.0025
delaunay: add points: 0.1165
delaunay: generate output: 0.0010
Parlay time: 0.1202
delaunay: initialize: 0.0033
delaunay: add points: 0.1173
delaunay: generate output: 0.0010
Parlay time: 0.1217
delaunay: initialize: 0.0027
delaunay: add points: 0.1172
delaunay: generate output: 0.0010
Parlay time: 0.1211
delaunay: initialize: 0.0026
delaunay: add points: 0.1167
delaunay: generate output: 0.0010
Parlay time: 0.1205
delaunay: initialize: 0.0025
delaunay: add points: 0.1170
delaunay: generate output: 0.0010
Parlay time: 0.1207

== CILK_WORKERS = 8 ===================================
delaunay: initialize: 0.0034
delaunay: add points: 0.1129
delaunay: generate output: 0.0007
delaunay: initialize: 0.0021
delaunay: add points: 0.1114
delaunay: generate output: 0.0007
delaunay: initialize: 0.0021
delaunay: add points: 0.1121
delaunay: generate output: 0.0007
delaunay: initialize: 0.0021
delaunay: add points: 0.1088
delaunay: generate output: 0.0006
delaunay: initialize: 0.0017
delaunay: add points: 0.0958
delaunay: generate output: 0.0006
delaunay: initialize: 0.0017
delaunay: add points: 0.0971
delaunay: generate output: 0.0006
delaunay: initialize: 0.0018
delaunay: add points: 0.0958
delaunay: generate output: 0.0006
delaunay: initialize: 0.0017
delaunay: add points: 0.0959
delaunay: generate output: 0.0006
delaunay: initialize: 0.0017
delaunay: add points: 0.0952
delaunay: generate output: 0.0006
delaunay: initialize: 0.0016
delaunay: add points: 0.0888
delaunay: generate output: 0.0006
delaunay: initialize: 0.0016
delaunay: add points: 0.0879
delaunay: generate output: 0.0006
Parlay time: 0.0902
delaunay: initialize: 0.0016
delaunay: add points: 0.0893
delaunay: generate output: 0.0006
Parlay time: 0.0916
delaunay: initialize: 0.0016
delaunay: add points: 0.0885
delaunay: generate output: 0.0006
Parlay time: 0.0908
delaunay: initialize: 0.0016
delaunay: add points: 0.0876
delaunay: generate output: 0.0006
Parlay time: 0.0899
delaunay: initialize: 0.0016
delaunay: add points: 0.0910
delaunay: generate output: 0.0017
Parlay time: 0.0956
delaunay: initialize: 0.0016
delaunay: add points: 0.0884
delaunay: generate output: 0.0006
Parlay time: 0.0907
delaunay: initialize: 0.0015
delaunay: add points: 0.0897
delaunay: generate output: 0.0006
Parlay time: 0.0919
delaunay: initialize: 0.0015
delaunay: add points: 0.0882
delaunay: generate output: 0.0006
Parlay time: 0.0904
delaunay: initialize: 0.0016
delaunay: add points: 0.0884
delaunay: generate output: 0.0006
Parlay time: 0.0907
delaunay: initialize: 0.0016
delaunay: add points: 0.0907
delaunay: generate output: 0.0006
Parlay time: 0.0931

== CILK_WORKERS = 14 ===================================
delaunay: initialize: 0.0032
delaunay: add points: 0.1024
delaunay: generate output: 0.0006
delaunay: initialize: 0.0016
delaunay: add points: 0.1017
delaunay: generate output: 0.0005
delaunay: initialize: 0.0015
delaunay: add points: 0.1023
delaunay: generate output: 0.0005
delaunay: initialize: 0.0015
delaunay: add points: 0.0967
delaunay: generate output: 0.0005
delaunay: initialize: 0.0013
delaunay: add points: 0.0916
delaunay: generate output: 0.0005
delaunay: initialize: 0.0013
delaunay: add points: 0.0909
delaunay: generate output: 0.0004
delaunay: initialize: 0.0014
delaunay: add points: 0.0931
delaunay: generate output: 0.0004
delaunay: initialize: 0.0014
delaunay: add points: 0.0907
delaunay: generate output: 0.0004
delaunay: initialize: 0.0013
delaunay: add points: 0.0898
delaunay: generate output: 0.0004
delaunay: initialize: 0.0012
delaunay: add points: 0.0815
delaunay: generate output: 0.0004
delaunay: initialize: 0.0012
delaunay: add points: 0.0810
delaunay: generate output: 0.0004
delaunay: initialize: 0.0012
delaunay: add points: 0.0822
delaunay: generate output: 0.0004
Parlay time: 0.0839
delaunay: initialize: 0.0012
delaunay: add points: 0.0813
delaunay: generate output: 0.0004
Parlay time: 0.0831
delaunay: initialize: 0.0012
delaunay: add points: 0.0803
delaunay: generate output: 0.0004
Parlay time: 0.0821
delaunay: initialize: 0.0012
delaunay: add points: 0.0810
delaunay: generate output: 0.0004
Parlay time: 0.0827
delaunay: initialize: 0.0011
delaunay: add points: 0.0794
delaunay: generate output: 0.0005
Parlay time: 0.0811
delaunay: initialize: 0.0011
delaunay: add points: 0.0789
delaunay: generate output: 0.0004
Parlay time: 0.0806
delaunay: initialize: 0.0012
delaunay: add points: 0.0780
delaunay: generate output: 0.0004
Parlay time: 0.0797
delaunay: initialize: 0.0011
delaunay: add points: 0.0779
delaunay: generate output: 0.0004
Parlay time: 0.0796
delaunay: initialize: 0.0011
delaunay: add points: 0.0785
delaunay: generate output: 0.0004
Parlay time: 0.0801
delaunay: initialize: 0.0011
delaunay: add points: 0.0787
delaunay: generate output: 0.0004
Parlay time: 0.0804

== CILK_WORKERS = 28 ===================================
delaunay: initialize: 0.0032
delaunay: add points: 0.1208
delaunay: generate output: 0.0004
delaunay: initialize: 0.0013
delaunay: add points: 0.1197
delaunay: generate output: 0.0004
delaunay: initialize: 0.0013
delaunay: add points: 0.1158
delaunay: generate output: 0.0004
delaunay: initialize: 0.0012
delaunay: add points: 0.1112
delaunay: generate output: 0.0004
delaunay: initialize: 0.0013
delaunay: add points: 0.1113
delaunay: generate output: 0.0004
delaunay: initialize: 0.0012
delaunay: add points: 0.1108
delaunay: generate output: 0.0004
delaunay: initialize: 0.0012
delaunay: add points: 0.1102
delaunay: generate output: 0.0003
delaunay: initialize: 0.0010
delaunay: add points: 0.0962
delaunay: generate output: 0.0004
delaunay: initialize: 0.0010
delaunay: add points: 0.0951
delaunay: generate output: 0.0003
delaunay: initialize: 0.0011
delaunay: add points: 0.0958
delaunay: generate output: 0.0003
Parlay time: 0.0974
delaunay: initialize: 0.0010
delaunay: add points: 0.0964
delaunay: generate output: 0.0004
Parlay time: 0.0979
delaunay: initialize: 0.0011
delaunay: add points: 0.0953
delaunay: generate output: 0.0003
Parlay time: 0.0968
delaunay: initialize: 0.0010
delaunay: add points: 0.0896
delaunay: generate output: 0.0003
Parlay time: 0.0911
delaunay: initialize: 0.0009
delaunay: add points: 0.0892
delaunay: generate output: 0.0003
Parlay time: 0.1001
delaunay: initialize: 0.0010
delaunay: add points: 0.0895
delaunay: generate output: 0.0003
Parlay time: 0.0910
delaunay: initialize: 0.0009
delaunay: add points: 0.0889
delaunay: generate output: 0.0003
Parlay time: 0.0903
delaunay: initialize: 0.0010
delaunay: add points: 0.0890
delaunay: generate output: 0.0004
Parlay time: 0.0904
delaunay: initialize: 0.0010
delaunay: add points: 0.0895
delaunay: generate output: 0.0003
Parlay time: 0.0909
delaunay: initialize: 0.0010
delaunay: add points: 0.0980
delaunay: generate output: 0.0004
Parlay time: 0.0995

